   1              		.syntax unified
   2              		.cpu cortex-m4
   3              		.eabi_attribute 27, 1
   4              		.eabi_attribute 28, 1
   5              		.fpu fpv4-sp-d16
   6              		.eabi_attribute 20, 1
   7              		.eabi_attribute 21, 1
   8              		.eabi_attribute 23, 3
   9              		.eabi_attribute 24, 1
  10              		.eabi_attribute 25, 1
  11              		.eabi_attribute 26, 1
  12              		.eabi_attribute 30, 6
  13              		.eabi_attribute 34, 1
  14              		.eabi_attribute 18, 4
  15              		.thumb
  16              		.syntax unified
  17              		.file	"App.c"
  18              		.text
  19              	.Ltext0:
  20              		.cfi_sections	.debug_frame
  21              		.section	.text.App_Init,"ax",%progbits
  22              		.align	2
  23              		.global	App_Init
  24              		.thumb
  25              		.thumb_func
  27              	App_Init:
  28              	.LFB123:
  29              		.file 1 "../source/App.c"
   1:../source/App.c **** 
   2:../source/App.c **** #include "App.h"
   3:../source/App.c **** 
   4:../source/App.c **** #include "PORT.h"
   5:../source/App.c **** #include "GPIO.h"
   6:../source/App.c **** #include "SysTick.h"
   7:../source/App.c **** #include "LED.h"
   8:../source/App.c **** 
   9:../source/App.c **** void App_Init (void)
  10:../source/App.c **** {
  30              		.loc 1 10 0
  31              		.cfi_startproc
  32              		@ args = 0, pretend = 0, frame = 0
  33              		@ frame_needed = 1, uses_anonymous_args = 0
  34 0000 80B5     		push	{r7, lr}
  35              		.cfi_def_cfa_offset 8
  36              		.cfi_offset 7, -8
  37              		.cfi_offset 14, -4
  38 0002 00AF     		add	r7, sp, #0
  39              		.cfi_def_cfa_register 7
  11:../source/App.c **** 	PORT_Init();
  40              		.loc 1 11 0
  41 0004 FFF7FEFF 		bl	PORT_Init
  12:../source/App.c **** 	GPIO_Init();
  42              		.loc 1 12 0
  43 0008 FFF7FEFF 		bl	GPIO_Init
  13:../source/App.c **** 	SysTick_Init();
  44              		.loc 1 13 0
  45 000c FFF7FEFF 		bl	SysTick_Init
  14:../source/App.c **** 	LED_Init();
  46              		.loc 1 14 0
  47 0010 FFF7FEFF 		bl	LED_Init
  15:../source/App.c **** }
  48              		.loc 1 15 0
  49 0014 00BF     		nop
  50 0016 80BD     		pop	{r7, pc}
  51              		.cfi_endproc
  52              	.LFE123:
  54              		.section	.text.App_Run,"ax",%progbits
  55              		.align	2
  56              		.global	App_Run
  57              		.thumb
  58              		.thumb_func
  60              	App_Run:
  61              	.LFB124:
  16:../source/App.c **** 
  17:../source/App.c **** void App_Run (void)
  18:../source/App.c **** {
  62              		.loc 1 18 0
  63              		.cfi_startproc
  64              		@ args = 0, pretend = 0, frame = 0
  65              		@ frame_needed = 1, uses_anonymous_args = 0
  66              		@ link register save eliminated.
  67 0000 80B4     		push	{r7}
  68              		.cfi_def_cfa_offset 4
  69              		.cfi_offset 7, -4
  70 0002 00AF     		add	r7, sp, #0
  71              		.cfi_def_cfa_register 7
  19:../source/App.c **** 
  20:../source/App.c **** }
  72              		.loc 1 20 0
  73 0004 00BF     		nop
  74 0006 BD46     		mov	sp, r7
  75              		.cfi_def_cfa_register 13
  76              		@ sp needed
  77 0008 5DF8047B 		ldr	r7, [sp], #4
  78              		.cfi_restore 7
  79              		.cfi_def_cfa_offset 0
  80 000c 7047     		bx	lr
  81              		.cfi_endproc
  82              	.LFE124:
  84 000e 00BF     		.text
  85              	.Letext0:
  86              		.file 2 "/usr/local/mcuxpressoide-10.0.2_411/ide/tools/redlib/include/stdint.h"
  87              		.file 3 "/home/jacoby/Documents/MCUXpresso_10.0.2_411/workspace/ccc/CMSIS/core_cm4.h"
DEFINED SYMBOLS
                            *ABS*:00000000 App.c
     /tmp/ccTs4EDL.s:22     .text.App_Init:00000000 $t
     /tmp/ccTs4EDL.s:27     .text.App_Init:00000000 App_Init
     /tmp/ccTs4EDL.s:55     .text.App_Run:00000000 $t
     /tmp/ccTs4EDL.s:60     .text.App_Run:00000000 App_Run
                     .debug_frame:00000010 $d
                           .group:00000000 wm4.0.6bf525fb3e733fd18569950f60b7deed
                           .group:00000000 wm4.redlib_version.h.16.f905717e4b3a91dcbdbb631865150df4
                           .group:00000000 wm4.libconfigarm.h.18.1ad1d24f96d0dc8c4cf52dc19b0aa2c7
                           .group:00000000 wm4.stdint.h.30.079ac5d9930c76ab215c1ab68adcbe08
                           .group:00000000 wm4.stdbool.h.15.fddf1cb2402fd739d8e2516677869231
                           .group:00000000 wm4.fsl_device_registers.h.32.f10b25a7fd7ad45b9a40904c33f28816
                           .group:00000000 wm4.MK64F12.h.105.e884e5c80776532d2ec0f5c21e2ea7cb
                           .group:00000000 wm4.core_cm4.h.42.42f38327ee0970d80f60117e6a3ba2b0
                           .group:00000000 wm4.cmsis_gcc.h.36.39970cb43ce4b53c82644a1f9bc2eab9
                           .group:00000000 wm4.core_cm4.h.223.7b48c9958ef5573320c4765074c8b0ce
                           .group:00000000 wm4.system_MK64F12.h.109.c6d21568e03be21b21c922eb7345d6e3
                           .group:00000000 wm4.MK64F12.h.475.cafa8e1e521f96f0b72de286863a6df7
                           .group:00000000 wm4.MK64F12_features.h.92.512cea46d882153168efeec0bc3a9da7
                           .group:00000000 wm4.hardware.h.27.0531344360c1b4ef1fba1263e2a4c488
                           .group:00000000 wm4.GPIO.h.3.3ad5afaee119954e5c1de4410a35f962

UNDEFINED SYMBOLS
PORT_Init
GPIO_Init
SysTick_Init
LED_Init
